<?xml version="1.0" encoding="UTF-8"?>
<!-- Generated by org.testng.reporters.JUnitReportReporter -->
<testsuite hostname="DESKTOP-NMCJF92" failures="0" tests="5" name="net.testfire.demo.SeleniumTest" time="2.059" errors="0" timestamp="2021-10-29T14:43:17 EDT" skipped="0">
  <testcase classname="net.testfire.demo.SeleniumTest" name="navToLogin" time="0.602"/>
  <system-out/>
  <testcase classname="net.testfire.demo.SeleniumTest" name="login" time="0.288"/>
  <system-out/>
  <testcase classname="net.testfire.demo.SeleniumTest" name="accountSummary" time="0.333"/>
  <system-out/>
  <testcase classname="net.testfire.demo.SeleniumTest" name="recentTransacations" time="0.124"/>
  <system-out/>
  <testcase classname="net.testfire.demo.SeleniumTest" name="transferFunds" time="0.712"/>
  <system-out/>
</testsuite> <!-- net.testfire.demo.SeleniumTest -->
